f:\c++\uusi\uusi\release\vc141.pdb
f:\c++\uusi\uusi\release\wallhack.obj
f:\c++\uusi\uusi\release\triggerbot.obj
f:\c++\uusi\uusi\release\nullmemory.obj
f:\c++\uusi\uusi\release\noflash.obj
f:\c++\uusi\uusi\release\math.obj
f:\c++\uusi\uusi\release\main.obj
f:\c++\uusi\uusi\release\lolz.obj
f:\c++\uusi\uusi\release\localplayer.obj
f:\c++\uusi\uusi\release\json.obj
f:\c++\uusi\uusi\release\imgui_widgets.obj
f:\c++\uusi\uusi\release\imgui_impl_win32.obj
f:\c++\uusi\uusi\release\imgui_impl_dx11.obj
f:\c++\uusi\uusi\release\imgui_draw.obj
f:\c++\uusi\uusi\release\imgui_demo.obj
f:\c++\uusi\uusi\release\imgui.obj
f:\c++\uusi\uusi\release\entity.obj
f:\c++\uusi\uusi\release\bunnyhop.obj
f:\c++\uusi\uusi\release\autopistol.obj
f:\c++\uusi\release\uusi.exe
f:\c++\uusi\release\uusi.pdb
f:\c++\uusi\release\uusi.ipdb
f:\c++\uusi\release\uusi.iobj
f:\c++\uusi\uusi\release\uusi.tlog\cl.command.1.tlog
f:\c++\uusi\uusi\release\uusi.tlog\cl.read.1.tlog
f:\c++\uusi\uusi\release\uusi.tlog\cl.write.1.tlog
f:\c++\uusi\uusi\release\uusi.tlog\link.command.1.tlog
f:\c++\uusi\uusi\release\uusi.tlog\link.read.1.tlog
f:\c++\uusi\uusi\release\uusi.tlog\link.write.1.tlog
f:\c++\uusi\uusi\release\uusi.tlog\uusi.write.1u.tlog
